c:\users\tholfaqar.mardan\dropbox\cs\timber\timber\debug\timber.pch
c:\users\tholfaqar.mardan\dropbox\cs\timber\timber\debug\vc140.pdb
c:\users\tholfaqar.mardan\dropbox\cs\timber\timber\debug\vc140.idb
c:\users\tholfaqar.mardan\dropbox\cs\timber\timber\debug\pch.obj
c:\users\tholfaqar.mardan\dropbox\cs\timber\timber\debug\timber.obj
c:\users\tholfaqar.mardan\dropbox\cs\timber\debug\timber.ilk
c:\users\tholfaqar.mardan\dropbox\cs\timber\debug\timber.exe
c:\users\tholfaqar.mardan\dropbox\cs\timber\debug\timber.pdb
c:\users\tholfaqar.mardan\dropbox\cs\games\timber2\timber\debug\pch.obj
c:\users\tholfaqar.mardan\dropbox\cs\games\timber2\timber\debug\timber.obj
c:\users\tholfaqar.mardan\dropbox\cs\games\timber2\timber\debug\timber.pch
c:\users\tholfaqar.mardan\dropbox\cs\games\timber2\timber\debug\vc140.idb
c:\users\tholfaqar.mardan\dropbox\cs\games\timber2\timber\debug\vc140.pdb
c:\users\tholfaqar.mardan\dropbox\cs\games\timber2\debug\timber.pdb
c:\users\tholfaqar.mardan\dropbox\cs\games\timber2\debug\timber.exe
c:\users\tholfaqar.mardan\dropbox\cs\games\timber2\debug\timber.ilk
c:\users\tholfaqar.mardan\dropbox\cs\games\timber2\timber\debug\timber.tlog\cl.command.1.tlog
c:\users\tholfaqar.mardan\dropbox\cs\games\timber2\timber\debug\timber.tlog\cl.read.1.tlog
c:\users\tholfaqar.mardan\dropbox\cs\games\timber2\timber\debug\timber.tlog\cl.write.1.tlog
c:\users\tholfaqar.mardan\dropbox\cs\games\timber2\timber\debug\timber.tlog\link.command.1.tlog
c:\users\tholfaqar.mardan\dropbox\cs\games\timber2\timber\debug\timber.tlog\link.read.1.tlog
c:\users\tholfaqar.mardan\dropbox\cs\games\timber2\timber\debug\timber.tlog\link.write.1.tlog
